2023-11-01 20:03 [INFO ] [main] [] com.squirrel.java.SquirrelJavaApplication [55] - Starting SquirrelJavaApplication using Java 1.8.0_292 on bogon with PID 26726 (/Users/luobaosong/IdeaProjects/squirrel/SquirrelSweet/target/classes started by luobaosong in /Users/luobaosong/IdeaProjects/squirrel/SquirrelSweet)
2023-11-01 20:03 [INFO ] [main] [] com.squirrel.java.SquirrelJavaApplication [659] - No active profile set, falling back to default profiles: default
2023-11-01 20:03 [INFO ] [main] [] o.s.d.r.config.RepositoryConfigurationDelegate [262] - Multiple Spring Data modules found, entering strict repository configuration mode!
2023-11-01 20:03 [INFO ] [main] [] o.s.d.r.config.RepositoryConfigurationDelegate [132] - Bootstrapping Spring Data Redis repositories in DEFAULT mode.
2023-11-01 20:03 [INFO ] [main] [] o.s.d.r.config.RepositoryConfigurationDelegate [201] - Finished Spring Data repository scanning in 29 ms. Found 0 Redis repository interfaces.
2023-11-01 20:03 [INFO ] [main] [] o.s.boot.web.embedded.tomcat.TomcatWebServer [108] - Tomcat initialized with port(s): 8080 (http)
2023-11-01 20:03 [INFO ] [main] [] org.apache.coyote.http11.Http11NioProtocol [173] - Initializing ProtocolHandler ["http-nio-8080"]
2023-11-01 20:03 [INFO ] [main] [] org.apache.catalina.core.StandardService [173] - Starting service [Tomcat]
2023-11-01 20:03 [INFO ] [main] [] org.apache.catalina.core.StandardEngine [173] - Starting Servlet engine: [Apache Tomcat/9.0.50]
2023-11-01 20:03 [INFO ] [main] [] o.a.c.core.ContainerBase.[Tomcat].[localhost].[/] [173] - Initializing Spring embedded WebApplicationContext
2023-11-01 20:03 [INFO ] [main] [] o.s.b.w.s.c.ServletWebServerApplicationContext [290] - Root WebApplicationContext: initialization completed in 1688 ms
2023-11-01 20:03 [INFO ] [main] [] org.apache.coyote.http11.Http11NioProtocol [173] - Starting ProtocolHandler ["http-nio-8080"]
2023-11-01 20:03 [INFO ] [main] [] o.s.boot.web.embedded.tomcat.TomcatWebServer [220] - Tomcat started on port(s): 8080 (http) with context path ''
2023-11-01 20:03 [INFO ] [main] [] com.squirrel.java.SquirrelJavaApplication [61] - Started SquirrelJavaApplication in 3.443 seconds (JVM running for 4.074)
2023-11-01 20:05 [INFO ] [main] [] com.squirrel.java.SquirrelJavaApplication [55] - Starting SquirrelJavaApplication using Java 1.8.0_292 on bogon with PID 26782 (/Users/luobaosong/IdeaProjects/squirrel/SquirrelSweet/target/classes started by luobaosong in /Users/luobaosong/IdeaProjects/squirrel/SquirrelSweet)
2023-11-01 20:05 [INFO ] [main] [] com.squirrel.java.SquirrelJavaApplication [659] - No active profile set, falling back to default profiles: default
2023-11-01 20:05 [INFO ] [main] [] o.s.d.r.config.RepositoryConfigurationDelegate [262] - Multiple Spring Data modules found, entering strict repository configuration mode!
2023-11-01 20:05 [INFO ] [main] [] o.s.d.r.config.RepositoryConfigurationDelegate [132] - Bootstrapping Spring Data Redis repositories in DEFAULT mode.
2023-11-01 20:05 [INFO ] [main] [] o.s.d.r.config.RepositoryConfigurationDelegate [201] - Finished Spring Data repository scanning in 38 ms. Found 0 Redis repository interfaces.
2023-11-01 20:05 [INFO ] [main] [] o.s.boot.web.embedded.tomcat.TomcatWebServer [108] - Tomcat initialized with port(s): 8080 (http)
2023-11-01 20:05 [INFO ] [main] [] org.apache.coyote.http11.Http11NioProtocol [173] - Initializing ProtocolHandler ["http-nio-8080"]
2023-11-01 20:05 [INFO ] [main] [] org.apache.catalina.core.StandardService [173] - Starting service [Tomcat]
2023-11-01 20:05 [INFO ] [main] [] org.apache.catalina.core.StandardEngine [173] - Starting Servlet engine: [Apache Tomcat/9.0.50]
2023-11-01 20:05 [INFO ] [main] [] o.a.c.core.ContainerBase.[Tomcat].[localhost].[/] [173] - Initializing Spring embedded WebApplicationContext
2023-11-01 20:05 [INFO ] [main] [] o.s.b.w.s.c.ServletWebServerApplicationContext [290] - Root WebApplicationContext: initialization completed in 1650 ms
2023-11-01 20:05 [INFO ] [main] [] org.apache.coyote.http11.Http11NioProtocol [173] - Starting ProtocolHandler ["http-nio-8080"]
2023-11-01 20:05 [INFO ] [main] [] o.s.boot.web.embedded.tomcat.TomcatWebServer [220] - Tomcat started on port(s): 8080 (http) with context path ''
2023-11-01 20:05 [INFO ] [main] [] com.squirrel.java.SquirrelJavaApplication [61] - Started SquirrelJavaApplication in 3.32 seconds (JVM running for 3.927)
2023-11-01 20:05 [INFO ] [pool-2-thread-1] [] com.squirrel.java.controller.GcController [19] - niubi~~~
2023-11-01 20:05 [INFO ] [pool-2-thread-1] [] com.squirrel.java.controller.GcController [19] - niubi~~~
